<?xml version="1.0" encoding="UTF-8"?>
<testsuite name="edu.uoc.pac4.manager.ManagerTest" tests="3" skipped="0" failures="0" errors="0" timestamp="2023-12-05T15:40:00" hostname="ESC02FK2E0MD6R" time="0.005">
  <properties/>
  <testcase name="Sanity - Methods definition" classname="edu.uoc.pac4.manager.ManagerTest" time="0.002"/>
  <testcase name="testSpeak()" classname="edu.uoc.pac4.manager.ManagerTest" time="0.001"/>
  <testcase name="Sanity - Fields definition" classname="edu.uoc.pac4.manager.ManagerTest" time="0.0"/>
  <system-out><![CDATA[]]></system-out>
  <system-err><![CDATA[]]></system-err>
</testsuite>
