<?xml version="1.0" encoding="UTF-8"?>
<testsuite name="edu.uoc.pac4.wrestler.WeightClassTest" tests="4" skipped="0" failures="0" errors="0" timestamp="2023-12-05T15:40:00" hostname="ESC02FK2E0MD6R" time="0.007">
  <properties/>
  <testcase name="getMax()" classname="edu.uoc.pac4.wrestler.WeightClassTest" time="0.001"/>
  <testcase name="getMin()" classname="edu.uoc.pac4.wrestler.WeightClassTest" time="0.001"/>
  <testcase name="isHeavier()" classname="edu.uoc.pac4.wrestler.WeightClassTest" time="0.002"/>
  <testcase name="getWeightClass()" classname="edu.uoc.pac4.wrestler.WeightClassTest" time="0.0"/>
  <system-out><![CDATA[]]></system-out>
  <system-err><![CDATA[]]></system-err>
</testsuite>
