<?xml version="1.0" encoding="UTF-8"?>
<testsuite name="edu.uoc.pac4.wrestler.properties.DefensePropertiesTest" tests="7" skipped="0" failures="0" errors="0" timestamp="2023-12-11T15:59:56" hostname="ESC02FK2E0MD6R" time="0.012">
  <properties/>
  <testcase name="getStrikeReversal()" classname="edu.uoc.pac4.wrestler.properties.DefensePropertiesTest" time="0.001"/>
  <testcase name="Sanity - Methods definition" classname="edu.uoc.pac4.wrestler.properties.DefensePropertiesTest" time="0.002"/>
  <testcase name="getOverall()" classname="edu.uoc.pac4.wrestler.properties.DefensePropertiesTest" time="0.001"/>
  <testcase name="size()" classname="edu.uoc.pac4.wrestler.properties.DefensePropertiesTest" time="0.001"/>
  <testcase name="getGrappleReversal()" classname="edu.uoc.pac4.wrestler.properties.DefensePropertiesTest" time="0.001"/>
  <testcase name="getAerialReversal()" classname="edu.uoc.pac4.wrestler.properties.DefensePropertiesTest" time="0.001"/>
  <testcase name="Sanity - Fields definition" classname="edu.uoc.pac4.wrestler.properties.DefensePropertiesTest" time="0.0"/>
  <system-out><![CDATA[]]></system-out>
  <system-err><![CDATA[]]></system-err>
</testsuite>
