<?xml version="1.0" encoding="UTF-8"?>
<testsuite name="edu.uoc.pac4.wrestler.styles.HighFlyerTest" tests="3" skipped="0" failures="0" errors="0" timestamp="2023-12-11T15:59:56" hostname="ESC02FK2E0MD6R" time="0.025">
  <properties/>
  <testcase name="Sanity - Methods definition" classname="edu.uoc.pac4.wrestler.styles.HighFlyerTest" time="0.001"/>
  <testcase name="testToString()" classname="edu.uoc.pac4.wrestler.styles.HighFlyerTest" time="0.02"/>
  <testcase name="Sanity - Fields definition" classname="edu.uoc.pac4.wrestler.styles.HighFlyerTest" time="0.001"/>
  <system-out><![CDATA[]]></system-out>
  <system-err><![CDATA[]]></system-err>
</testsuite>
